<?xml version="1.0" encoding="UTF-8"?>
<testsuite name="com.onur.scout24.service.AnalyzedItemServiceIntegrationTest" time="0" tests="2" errors="1" skipped="0" failures="0">
  <properties>
[...]
</properties>
  <testcase name="whenValidName_thenEmployeeShouldBeFound" classname="com.onur.scout24.service.AnalyzedItemServiceIntegrationTest" time="0"/>
  <testcase name="whenGetPull_thenPullCountShouldBeThree" classname="com.onur.scout24.service.AnalyzedItemServiceIntegrationTest" time="0">
    <error message="URI is not absolute" type="java.lang.IllegalArgumentException">java.lang.IllegalArgumentException: URI is not absolute
	at java.net.URI.toURL(URI.java:1088)
	at org.springframework.http.client.SimpleClientHttpRequestFactory.createRequest(SimpleClientHttpRequestFactory.java:141)
	at org.springframework.http.client.support.HttpAccessor.createRequest(HttpAccessor.java:85)
	at org.springframework.web.client.RestTemplate.doExecute(RestTemplate.java:648)
	at org.springframework.web.client.RestTemplate.execute(RestTemplate.java:628)
	at org.springframework.web.client.RestTemplate.getForObject(RestTemplate.java:303)
	at com.onur.scout24.service.AnalyzeService.getGitRepoPullCount(AnalyzeService.java:48)
	at com.onur.scout24.service.AnalyzedItemServiceIntegrationTest.whenGetPull_thenPullCountShouldBeThree(AnalyzedItemServiceIntegrationTest.java:65)
</error>
  </testcase>
</testsuite>